<?xml version="1.0" encoding="UTF-8"?>
<!-- Generated by org.testng.reporters.JUnitReportReporter -->
<testsuite hostname="GRAB-CND2108NCQ" failures="0" tests="4" name="testng.ThirdTest" time="0.023" errors="0" timestamp="2023-03-29T16:45:01 IST" skipped="0">
  <testcase classname="testng.ThirdTest" name="test1" time="0.005"/>
  <system-out/>
  <testcase classname="testng.ThirdTest" name="test4" time="0.011"/>
  <system-out/>
  <testcase classname="testng.ThirdTest" name="test3" time="0.002"/>
  <system-out/>
  <testcase classname="testng.ThirdTest" name="test2" time="0.005"/>
  <system-out/>
</testsuite> <!-- testng.ThirdTest -->
