<?xml version="1.0" encoding="UTF-8"?>
<!-- Generated by org.testng.reporters.JUnitReportReporter -->
<testsuite hostname="GRAB-CND2108NCQ" failures="0" tests="2" name="testng.AllAnnotations" time="0.005" errors="0" timestamp="2023-03-29T19:29:58 IST" skipped="0">
  <testcase classname="testng.AllAnnotations" name="test2" time="0.001"/>
  <system-out/>
  <testcase classname="testng.AllAnnotations" name="test1" time="0.004"/>
  <system-out/>
</testsuite> <!-- testng.AllAnnotations -->
