<?xml version="1.0" encoding="UTF-8"?>
<!-- Generated by org.testng.reporters.JUnitReportReporter -->
<testsuite hostname="GRAB-CND2108NCQ" failures="0" tests="4" name="testng.FirstTest" time="0.010" errors="0" timestamp="2023-03-29T12:55:58 IST" skipped="0">
  <testcase classname="testng.FirstTest" name="test3" time="0.001"/>
  <system-out/>
  <testcase classname="testng.FirstTest" name="test2" time="0.001"/>
  <system-out/>
  <testcase classname="testng.FirstTest" name="test4" time="0.001"/>
  <system-out/>
  <testcase classname="testng.FirstTest" name="test1" time="0.007"/>
  <system-out/>
</testsuite> <!-- testng.FirstTest -->
