<?xml version="1.0" encoding="UTF-8"?>
<!-- Generated by org.testng.reporters.JUnitReportReporter -->
<testsuite hostname="GRAB-CND2108NCQ" failures="0" tests="4" name="testng.SecondTest" time="0.002" errors="0" timestamp="2023-03-29T12:55:58 IST" skipped="0">
  <testcase classname="testng.SecondTest" name="test1" time="0.000"/>
  <system-out/>
  <testcase classname="testng.SecondTest" name="test4" time="0.001"/>
  <system-out/>
  <testcase classname="testng.SecondTest" name="test2" time="0.001"/>
  <system-out/>
  <testcase classname="testng.SecondTest" name="test3" time="0.000"/>
  <system-out/>
</testsuite> <!-- testng.SecondTest -->
