<?xml version="1.0" encoding="UTF-8"?>
<!-- Generated by org.testng.reporters.JUnitReportReporter -->
<testsuite hostname="GRAB-CND2108NCQ" failures="0" tests="3" name="testng.Grouping" time="0.013" errors="0" timestamp="2023-05-28T08:57:11 IST" skipped="0">
  <testcase classname="testng.Grouping" name="signupbyfacebook" time="0.012"/>
  <system-out/>
  <testcase classname="testng.Grouping" name="signupbytwitter" time="0.001"/>
  <system-out/>
  <testcase classname="testng.Grouping" name="paymentreturnbybank" time="0.000"/>
  <system-out/>
</testsuite> <!-- testng.Grouping -->
