<?xml version="1.0" encoding="UTF-8"?>
<!-- Generated by org.testng.reporters.JUnitReportReporter -->
<testsuite hostname="GRAB-CND2108NCQ" failures="0" tests="2" name="testng.FifthTest" time="0.001" errors="0" timestamp="2023-03-29T17:20:21 IST" skipped="0">
  <testcase classname="testng.FifthTest" name="test2" time="0.000"/>
  <system-out/>
  <testcase classname="testng.FifthTest" name="test2" time="0.001"/>
  <system-out/>
</testsuite> <!-- testng.FifthTest -->
