<?xml version="1.0" encoding="UTF-8"?>
<!-- Generated by org.testng.reporters.JUnitReportReporter -->
<testsuite hostname="GRAB-CND2108NCQ" failures="0" tests="2" name="testng.FourthTest" time="0.004" errors="0" timestamp="2023-03-29T17:20:21 IST" skipped="0">
  <testcase classname="testng.FourthTest" name="test1" time="0.003"/>
  <system-out/>
  <testcase classname="testng.FourthTest" name="test1" time="0.001"/>
  <system-out/>
</testsuite> <!-- testng.FourthTest -->
